<?xml version="1.0" encoding="UTF-8"?>
<testsuite name="org.example.WindowTest" tests="19" skipped="0" failures="0" errors="0" timestamp="2022-12-04T18:24:15" hostname="LAPTOP-9DT5TBIR" time="0.035">
  <properties/>
  <testcase name="checkWrongGameState2()" classname="org.example.WindowTest" time="0.014"/>
  <testcase name="checkRoundOne()" classname="org.example.WindowTest" time="0.003"/>
  <testcase name="checkRoundUpdate()" classname="org.example.WindowTest" time="0.001"/>
  <testcase name="checkRoundUpdate2()" classname="org.example.WindowTest" time="0.001"/>
  <testcase name="checkRoundUpdate3()" classname="org.example.WindowTest" time="0.001"/>
  <testcase name="checkGameState()" classname="org.example.WindowTest" time="0.001"/>
  <testcase name="checkWindowSize()" classname="org.example.WindowTest" time="0.001"/>
  <testcase name="checkNotRoundOne()" classname="org.example.WindowTest" time="0.001"/>
  <testcase name="checkKeyCode32()" classname="org.example.WindowTest" time="0.001"/>
  <testcase name="checkKeyCodeLeft2()" classname="org.example.WindowTest" time="0.0"/>
  <testcase name="checkKeyCodeRight()" classname="org.example.WindowTest" time="0.001"/>
  <testcase name="checkKeyCodeLeft()" classname="org.example.WindowTest" time="0.001"/>
  <testcase name="checkPlayerNotRotatingRight2()" classname="org.example.WindowTest" time="0.001"/>
  <testcase name="checkWrongGameState()" classname="org.example.WindowTest" time="0.0"/>
  <testcase name="checkPlayerNotRotatingLeft()" classname="org.example.WindowTest" time="0.0"/>
  <testcase name="checkPlayerNotRotatingLeft2()" classname="org.example.WindowTest" time="0.0"/>
  <testcase name="checkPlayerNotRotatingRight()" classname="org.example.WindowTest" time="0.0"/>
  <testcase name="checkGameStateTest2()" classname="org.example.WindowTest" time="0.0"/>
  <testcase name="checkKeyCodeRight2()" classname="org.example.WindowTest" time="0.0"/>
  <system-out><![CDATA[]]></system-out>
  <system-err><![CDATA[]]></system-err>
</testsuite>
