<?xml version="1.0" encoding="UTF-8"?>
<testsuite name="org.example.ButtonTest" tests="3" skipped="0" failures="0" errors="0" timestamp="2022-12-02T03:40:53" hostname="LAPTOP-9DT5TBIR" time="0.02">
  <properties/>
  <testcase name="buttonTestX()" classname="org.example.ButtonTest" time="0.016"/>
  <testcase name="buttonTestY()" classname="org.example.ButtonTest" time="0.001"/>
  <testcase name="overRectTest()" classname="org.example.ButtonTest" time="0.001"/>
  <system-out><![CDATA[]]></system-out>
  <system-err><![CDATA[]]></system-err>
</testsuite>
